2020-07-16 14:29:27,346 INFO n.p.p.App [main] Starting application PiMonitor
2020-07-16 14:29:27,362 INFO n.p.p.App [main] Starting thread manager
2020-07-16 14:29:27,362 INFO n.p.p.App [main] Starting temperature with sample rate: 60000
2020-07-16 14:29:27,456 DEBUG n.p.p.t.TemperatureThread [pool-2-thread-1] Temperature thread sampling at: Thu Jul 16 14:29:27 EDT 2020
2020-07-16 14:29:27,456 INFO n.p.p.t.TemperatureThread [pool-2-thread-1] Temperature info, sending: Temperature [tempSun=983, tmpSunUpdDt=21:45am, tempShade=-99, tmpShadeUpdDt=10:45am, tempPool=-99, tmpPoolUpdDt=11:45am]
2020-07-16 14:30:27,784 INFO n.p.p.App [main] Starting application PiMonitor
2020-07-16 14:30:27,784 INFO n.p.p.App [main] Starting thread manager
2020-07-16 14:30:27,799 INFO n.p.p.App [main] Starting temperature with sample rate: 60000
2020-07-16 14:30:27,893 DEBUG n.p.p.t.TemperatureThread [pool-2-thread-1] Temperature thread sampling at: Thu Jul 16 14:30:27 EDT 2020
2020-07-16 14:30:27,893 INFO n.p.p.t.TemperatureThread [pool-2-thread-1] Temperature info, sending: Temperature [tempSun=983, tmpSunUpdDt=21:45am, tempShade=-99, tmpShadeUpdDt=10:45am, tempPool=-99, tmpPoolUpdDt=11:45am]
2020-07-16 14:31:27,907 DEBUG n.p.p.t.TemperatureThread [pool-2-thread-1] Temperature thread sampling at: Thu Jul 16 14:31:27 EDT 2020
2020-07-16 14:31:27,907 INFO n.p.p.t.TemperatureThread [pool-2-thread-1] Temperature info, sending: Temperature [tempSun=983, tmpSunUpdDt=21:45am, tempShade=-99, tmpShadeUpdDt=10:45am, tempPool=-99, tmpPoolUpdDt=11:45am]
2020-07-16 14:32:27,900 DEBUG n.p.p.t.TemperatureThread [pool-2-thread-1] Temperature thread sampling at: Thu Jul 16 14:32:27 EDT 2020
2020-07-16 14:32:27,900 INFO n.p.p.t.TemperatureThread [pool-2-thread-1] Temperature info, sending: Temperature [tempSun=983, tmpSunUpdDt=21:45am, tempShade=-99, tmpShadeUpdDt=10:45am, tempPool=-99, tmpPoolUpdDt=11:45am]
2020-07-16 14:33:27,913 DEBUG n.p.p.t.TemperatureThread [pool-2-thread-2] Temperature thread sampling at: Thu Jul 16 14:33:27 EDT 2020
2020-07-16 14:33:27,913 INFO n.p.p.t.TemperatureThread [pool-2-thread-2] Temperature info, sending: Temperature [tempSun=983, tmpSunUpdDt=21:45am, tempShade=-99, tmpShadeUpdDt=10:45am, tempPool=-99, tmpPoolUpdDt=11:45am]
2020-07-16 14:34:01,787 DEBUG n.p.p.d.TempSql [http-nio-81-exec-1] findCurrentTemp: AA
2020-07-16 14:34:01,810 ERROR n.p.p.s.TemperatureService [http-nio-81-exec-1] error in service: 
org.h2.jdbc.JdbcSQLSyntaxErrorException: Table "TEMPERATURE" not found; SQL statement:
SELECT * FROM temperature WHERE recorder_name = ? [42102-200]
	at org.h2.message.DbException.getJdbcSQLException(DbException.java:453) ~[h2-1.4.200.jar:1.4.200]
	at org.h2.message.DbException.getJdbcSQLException(DbException.java:429) ~[h2-1.4.200.jar:1.4.200]
	at org.h2.message.DbException.get(DbException.java:205) ~[h2-1.4.200.jar:1.4.200]
	at org.h2.message.DbException.get(DbException.java:181) ~[h2-1.4.200.jar:1.4.200]
	at org.h2.command.Parser.readTableOrView(Parser.java:7628) ~[h2-1.4.200.jar:1.4.200]
	at org.h2.command.Parser.readTableFilter(Parser.java:1970) ~[h2-1.4.200.jar:1.4.200]
	at org.h2.command.Parser.parseSelectFromPart(Parser.java:2827) ~[h2-1.4.200.jar:1.4.200]
	at org.h2.command.Parser.parseSelect(Parser.java:2959) ~[h2-1.4.200.jar:1.4.200]
	at org.h2.command.Parser.parseQuerySub(Parser.java:2817) ~[h2-1.4.200.jar:1.4.200]
	at org.h2.command.Parser.parseSelectUnion(Parser.java:2649) ~[h2-1.4.200.jar:1.4.200]
	at org.h2.command.Parser.parseQuery(Parser.java:2620) ~[h2-1.4.200.jar:1.4.200]
	at org.h2.command.Parser.parsePrepared(Parser.java:868) ~[h2-1.4.200.jar:1.4.200]
	at org.h2.command.Parser.parse(Parser.java:843) ~[h2-1.4.200.jar:1.4.200]
	at org.h2.command.Parser.parse(Parser.java:815) ~[h2-1.4.200.jar:1.4.200]
	at org.h2.command.Parser.prepareCommand(Parser.java:738) ~[h2-1.4.200.jar:1.4.200]
	at org.h2.engine.Session.prepareLocal(Session.java:657) ~[h2-1.4.200.jar:1.4.200]
	at org.h2.engine.Session.prepareCommand(Session.java:595) ~[h2-1.4.200.jar:1.4.200]
	at org.h2.jdbc.JdbcConnection.prepareCommand(JdbcConnection.java:1235) ~[h2-1.4.200.jar:1.4.200]
	at org.h2.jdbc.JdbcPreparedStatement.<init>(JdbcPreparedStatement.java:76) ~[h2-1.4.200.jar:1.4.200]
	at org.h2.jdbc.JdbcConnection.prepareStatement(JdbcConnection.java:352) ~[h2-1.4.200.jar:1.4.200]
	at home.db.DBConnection.buildStatement(DBConnection.java:364) ~[Utilities-1.0.jar:?]
	at home.db.DBConnection.getSelectResultSet(DBConnection.java:465) ~[Utilities-1.0.jar:?]
	at net.pi.pimodule.db.TempSql.findCurrentTemp(TempSql.java:73) ~[classes/:?]
	at net.pi.pimodule.db.TempSql.getCurrentStoredTemperature(TempSql.java:153) ~[classes/:?]
	at net.pi.pimodule.service.TemperatureService.getCurrentTemp(TemperatureService.java:34) ~[classes/:?]
	at sun.reflect.NativeMethodAccessorImpl.invoke0(Native Method) ~[?:1.8.0_201]
	at sun.reflect.NativeMethodAccessorImpl.invoke(NativeMethodAccessorImpl.java:62) ~[?:1.8.0_201]
	at sun.reflect.DelegatingMethodAccessorImpl.invoke(DelegatingMethodAccessorImpl.java:43) ~[?:1.8.0_201]
	at java.lang.reflect.Method.invoke(Method.java:498) ~[?:1.8.0_201]
	at org.glassfish.jersey.server.model.internal.ResourceMethodInvocationHandlerFactory.lambda$static$0(ResourceMethodInvocationHandlerFactory.java:52) ~[jersey-server-2.31.jar:?]
	at org.glassfish.jersey.server.model.internal.AbstractJavaResourceMethodDispatcher$1.run(AbstractJavaResourceMethodDispatcher.java:124) [jersey-server-2.31.jar:?]
	at org.glassfish.jersey.server.model.internal.AbstractJavaResourceMethodDispatcher.invoke(AbstractJavaResourceMethodDispatcher.java:167) [jersey-server-2.31.jar:?]
	at org.glassfish.jersey.server.model.internal.JavaResourceMethodDispatcherProvider$ResponseOutInvoker.doDispatch(JavaResourceMethodDispatcherProvider.java:176) [jersey-server-2.31.jar:?]
	at org.glassfish.jersey.server.model.internal.AbstractJavaResourceMethodDispatcher.dispatch(AbstractJavaResourceMethodDispatcher.java:79) [jersey-server-2.31.jar:?]
	at org.glassfish.jersey.server.model.ResourceMethodInvoker.invoke(ResourceMethodInvoker.java:469) [jersey-server-2.31.jar:?]
	at org.glassfish.jersey.server.model.ResourceMethodInvoker.apply(ResourceMethodInvoker.java:391) [jersey-server-2.31.jar:?]
	at org.glassfish.jersey.server.model.ResourceMethodInvoker.apply(ResourceMethodInvoker.java:80) [jersey-server-2.31.jar:?]
	at org.glassfish.jersey.server.ServerRuntime$1.run(ServerRuntime.java:253) [jersey-server-2.31.jar:?]
	at org.glassfish.jersey.internal.Errors$1.call(Errors.java:248) [jersey-common-2.31.jar:?]
	at org.glassfish.jersey.internal.Errors$1.call(Errors.java:244) [jersey-common-2.31.jar:?]
	at org.glassfish.jersey.internal.Errors.process(Errors.java:292) [jersey-common-2.31.jar:?]
	at org.glassfish.jersey.internal.Errors.process(Errors.java:274) [jersey-common-2.31.jar:?]
	at org.glassfish.jersey.internal.Errors.process(Errors.java:244) [jersey-common-2.31.jar:?]
	at org.glassfish.jersey.process.internal.RequestScope.runInScope(RequestScope.java:265) [jersey-common-2.31.jar:?]
	at org.glassfish.jersey.server.ServerRuntime.process(ServerRuntime.java:232) [jersey-server-2.31.jar:?]
	at org.glassfish.jersey.server.ApplicationHandler.handle(ApplicationHandler.java:680) [jersey-server-2.31.jar:?]
	at org.glassfish.jersey.servlet.WebComponent.serviceImpl(WebComponent.java:394) [jersey-container-servlet-core-2.31.jar:?]
	at org.glassfish.jersey.servlet.WebComponent.service(WebComponent.java:346) [jersey-container-servlet-core-2.31.jar:?]
	at org.glassfish.jersey.servlet.ServletContainer.service(ServletContainer.java:366) [jersey-container-servlet-core-2.31.jar:?]
	at org.glassfish.jersey.servlet.ServletContainer.service(ServletContainer.java:319) [jersey-container-servlet-core-2.31.jar:?]
	at org.glassfish.jersey.servlet.ServletContainer.service(ServletContainer.java:205) [jersey-container-servlet-core-2.31.jar:?]
	at org.apache.catalina.core.ApplicationFilterChain.internalDoFilter(ApplicationFilterChain.java:231) [tomcat-embed-core-8.5.23.jar:8.5.23]
	at org.apache.catalina.core.ApplicationFilterChain.doFilter(ApplicationFilterChain.java:166) [tomcat-embed-core-8.5.23.jar:8.5.23]
	at org.apache.catalina.core.StandardWrapperValve.invoke(StandardWrapperValve.java:199) [tomcat-embed-core-8.5.23.jar:8.5.23]
	at org.apache.catalina.core.StandardContextValve.invoke(StandardContextValve.java:96) [tomcat-embed-core-8.5.23.jar:8.5.23]
	at org.apache.catalina.authenticator.AuthenticatorBase.invoke(AuthenticatorBase.java:478) [tomcat-embed-core-8.5.23.jar:8.5.23]
	at org.apache.catalina.core.StandardHostValve.invoke(StandardHostValve.java:140) [tomcat-embed-core-8.5.23.jar:8.5.23]
	at org.apache.catalina.valves.ErrorReportValve.invoke(ErrorReportValve.java:81) [tomcat-embed-core-8.5.23.jar:8.5.23]
	at org.apache.catalina.core.StandardEngineValve.invoke(StandardEngineValve.java:87) [tomcat-embed-core-8.5.23.jar:8.5.23]
	at org.apache.catalina.connector.CoyoteAdapter.service(CoyoteAdapter.java:342) [tomcat-embed-core-8.5.23.jar:8.5.23]
	at org.apache.coyote.http11.Http11Processor.service(Http11Processor.java:803) [tomcat-embed-core-8.5.23.jar:8.5.23]
	at org.apache.coyote.AbstractProcessorLight.process(AbstractProcessorLight.java:66) [tomcat-embed-core-8.5.23.jar:8.5.23]
	at org.apache.coyote.AbstractProtocol$ConnectionHandler.process(AbstractProtocol.java:868) [tomcat-embed-core-8.5.23.jar:8.5.23]
	at org.apache.tomcat.util.net.NioEndpoint$SocketProcessor.doRun(NioEndpoint.java:1459) [tomcat-embed-core-8.5.23.jar:8.5.23]
	at org.apache.tomcat.util.net.SocketProcessorBase.run(SocketProcessorBase.java:49) [tomcat-embed-core-8.5.23.jar:8.5.23]
	at java.util.concurrent.ThreadPoolExecutor.runWorker(ThreadPoolExecutor.java:1149) [?:1.8.0_201]
	at java.util.concurrent.ThreadPoolExecutor$Worker.run(ThreadPoolExecutor.java:624) [?:1.8.0_201]
	at org.apache.tomcat.util.threads.TaskThread$WrappingRunnable.run(TaskThread.java:61) [tomcat-embed-core-8.5.23.jar:8.5.23]
	at java.lang.Thread.run(Thread.java:748) [?:1.8.0_201]
2020-07-16 14:34:27,900 DEBUG n.p.p.t.TemperatureThread [pool-2-thread-3] Temperature thread sampling at: Thu Jul 16 14:34:27 EDT 2020
2020-07-16 14:34:27,900 INFO n.p.p.t.TemperatureThread [pool-2-thread-3] Temperature info, sending: Temperature [tempSun=983, tmpSunUpdDt=21:45am, tempShade=-99, tmpShadeUpdDt=10:45am, tempPool=-99, tmpPoolUpdDt=11:45am]
2020-07-16 14:35:27,902 DEBUG n.p.p.t.TemperatureThread [pool-2-thread-1] Temperature thread sampling at: Thu Jul 16 14:35:27 EDT 2020
2020-07-16 14:35:27,902 INFO n.p.p.t.TemperatureThread [pool-2-thread-1] Temperature info, sending: Temperature [tempSun=983, tmpSunUpdDt=21:45am, tempShade=-99, tmpShadeUpdDt=10:45am, tempPool=-99, tmpPoolUpdDt=11:45am]
2020-07-21 11:46:54,259 INFO n.p.p.App [main] Starting application PiMonitor
2020-07-21 11:46:54,265 INFO n.p.p.App [main] Starting thread manager
2020-07-21 11:46:54,267 INFO n.p.p.App [main] Starting temperature with sample rate: 60000
2020-07-21 11:46:54,483 INFO n.p.p.d.TempSql [main] User table does not exist , creating
2020-07-21 11:46:54,498 INFO n.p.p.t.TempSerialListener [main] Starting listener
2020-07-21 11:46:54,504 INFO n.p.p.t.DataListener [main] Listener started
2020-07-21 11:46:54,525 DEBUG n.p.p.d.TempSql [main] findCurrentTemp: AA
2020-07-21 11:46:54,527 DEBUG n.p.p.d.TempSql [main] findCurrentTemp: BB
2020-07-21 11:46:54,527 DEBUG n.p.p.d.TempSql [main] findCurrentTemp: Pool
2020-07-21 11:46:54,533 INFO n.p.p.t.DataListener [main] Last temperature from DB: Temperature [tempSun=-99, tmpSunUpdDt=21:45am, tempShade=-99, tmpShadeUpdDt=10:45am, tempPool=-99, tmpPoolUpdDt=11:45am]
2020-09-02 10:02:01,191 INFO n.p.p.App [main] Starting application PiMonitor
2020-09-02 10:02:01,196 INFO n.p.p.App [main] Starting thread manager
2020-09-02 12:07:40,527 INFO n.p.p.App [main] Starting application PiMonitor
2020-09-02 12:07:40,533 INFO n.p.p.App [main] Starting thread manager
2020-09-02 12:15:12,336 INFO n.p.p.App [main] Starting application PiMonitor
2020-09-02 12:15:12,341 INFO n.p.p.App [main] Starting thread manager
2020-09-02 12:16:05,509 INFO n.p.p.App [main] Starting application PiMonitor
2020-09-02 12:16:05,514 INFO n.p.p.App [main] Starting thread manager
2020-09-02 12:22:23,958 INFO n.p.p.App [main] Starting application PiMonitor
2020-09-02 12:22:23,963 INFO n.p.p.App [main] Starting thread manager
2020-09-02 12:38:32,664 INFO n.p.p.App [main] Starting application PiMonitor
2020-09-02 12:38:32,669 INFO n.p.p.App [main] Starting thread manager
2020-09-02 14:28:08,181 INFO n.p.p.App [main] Starting application PiMonitor
2020-09-02 14:28:08,185 INFO n.p.p.App [main] Starting thread manager
2020-09-03 10:57:11,606 INFO n.p.p.App [main] Starting application PiMonitor
2020-09-03 10:57:11,620 INFO n.p.p.App [main] Starting thread manager
2020-09-03 12:13:38,055 INFO n.p.p.App [main] Starting application PiMonitor
2020-09-03 12:13:38,061 INFO n.p.p.App [main] Starting thread manager
2020-09-03 12:23:39,312 INFO n.p.p.App [main] Starting application PiMonitor
2020-09-03 12:23:39,317 INFO n.p.p.App [main] Starting thread manager
2020-09-03 12:27:07,528 INFO n.p.p.App [main] Starting application PiMonitor
2020-09-03 12:27:07,533 INFO n.p.p.App [main] Starting thread manager
2020-09-03 12:35:56,073 INFO n.p.p.App [main] Starting application PiMonitor
2020-09-03 12:35:56,073 INFO n.p.p.App [main] Starting thread manager
2020-09-03 13:22:36,756 INFO n.p.p.App [main] Starting application PiMonitor
2020-09-03 13:22:36,761 INFO n.p.p.App [main] Starting thread manager
2020-09-03 13:31:30,870 INFO n.p.p.App [main] Starting application PiMonitor
2020-09-03 13:31:30,876 INFO n.p.p.App [main] Starting thread manager
2020-09-03 13:56:10,794 INFO n.p.p.App [main] Starting application PiMonitor
2020-09-03 13:56:10,800 INFO n.p.p.App [main] Starting thread manager
2020-09-03 16:45:26,248 INFO n.p.p.App [main] Starting application PiMonitor
2020-09-03 16:45:26,254 INFO n.p.p.App [main] Starting thread manager
2020-09-04 07:29:09,568 INFO n.p.p.App [main] Starting application PiMonitor
2020-09-04 07:29:09,588 INFO n.p.p.App [main] Starting thread manager
