2021-03-20 13:48:22 DEBUG n.p.p.s.SensorBase handeling start command: POOL   data: spAA3
2021-03-20 13:48:22 DEBUG n.p.p.s.SensorBase handeling start command: POOL   data: sp001ok
2021-03-20 13:48:22 ERROR n.p.p.s.PoolSensor Error in handleDataReceived
org.h2.jdbc.JdbcSQLNonTransientConnectionException: A file path that is implicitly relative to the current working directory is not allowed in the database URL "jdbc:h2:/opt/jettyServer/piModule". Use an absolute path, ~/name, ./name, or the baseDir setting instead. [90011-200]
	at org.h2.message.DbException.getJdbcSQLException(DbException.java:622) ~[h2-1.4.200.jar:1.4.200]
	at org.h2.message.DbException.getJdbcSQLException(DbException.java:429) ~[h2-1.4.200.jar:1.4.200]
	at org.h2.message.DbException.get(DbException.java:205) ~[h2-1.4.200.jar:1.4.200]
	at org.h2.message.DbException.get(DbException.java:181) ~[h2-1.4.200.jar:1.4.200]
	at org.h2.engine.ConnectionInfo.getName(ConnectionInfo.java:396) ~[h2-1.4.200.jar:1.4.200]
	at org.h2.engine.Engine.openSession(Engine.java:50) ~[h2-1.4.200.jar:1.4.200]
	at org.h2.engine.Engine.openSession(Engine.java:192) ~[h2-1.4.200.jar:1.4.200]
	at org.h2.engine.Engine.createSessionAndValidate(Engine.java:171) ~[h2-1.4.200.jar:1.4.200]
	at org.h2.engine.Engine.createSession(Engine.java:166) ~[h2-1.4.200.jar:1.4.200]
	at org.h2.engine.Engine.createSession(Engine.java:29) ~[h2-1.4.200.jar:1.4.200]
	at org.h2.engine.SessionRemote.connectEmbeddedOrServer(SessionRemote.java:340) ~[h2-1.4.200.jar:1.4.200]
	at org.h2.jdbc.JdbcConnection.<init>(JdbcConnection.java:173) ~[h2-1.4.200.jar:1.4.200]
	at org.h2.jdbc.JdbcConnection.<init>(JdbcConnection.java:152) ~[h2-1.4.200.jar:1.4.200]
	at org.h2.Driver.connect(Driver.java:69) ~[h2-1.4.200.jar:1.4.200]
	at java.sql.DriverManager.getConnection(DriverManager.java:664) ~[?:1.8.0_201]
	at java.sql.DriverManager.getConnection(DriverManager.java:208) ~[?:1.8.0_201]
	at home.db.Database.buildH2DB(Database.java:81) ~[Utilities-1.0.jar:?]
	at home.db.Database.build(Database.java:35) ~[Utilities-1.0.jar:?]
	at home.db.DBConnection.<init>(DBConnection.java:78) ~[Utilities-1.0.jar:?]
	at net.pi.pimodule.db.SensorSql.getConnection(SensorSql.java:213) ~[classes/:?]
	at net.pi.pimodule.db.SensorSql.findSensor(SensorSql.java:70) ~[classes/:?]
	at net.pi.pimodule.serial.SensorBase.handleStartCommand(SensorBase.java:57) ~[classes/:?]
	at net.pi.pimodule.serial.PoolSensor.handleDataReceived(PoolSensor.java:59) [classes/:?]
	at net.pi.pimodule.serial.PoolSensor.main(PoolSensor.java:82) [classes/:?]
